<?xml version="1.0" encoding="UTF-8"?>
<testsuites name="jest tests" tests="6" failures="0" errors="0" time="1.458">
  <testsuite name="GradeSubmissionUseCase" errors="0" failures="0" skipped="0" timestamp="2026-06-25T05:23:52" time="0.831" tests="6">
    <testcase classname="GradeSubmissionUseCase başarı: puanlar clamp edilir, toplam + GRADED döner" name="GradeSubmissionUseCase başarı: puanlar clamp edilir, toplam + GRADED döner" time="0.006">
    </testcase>
    <testcase classname="GradeSubmissionUseCase negatif puan 0 a clamp" name="GradeSubmissionUseCase negatif puan 0 a clamp" time="0.001">
    </testcase>
    <testcase classname="GradeSubmissionUseCase başkasının ödevi (yetkisiz) → FORBIDDEN" name="GradeSubmissionUseCase başkasının ödevi (yetkisiz) → FORBIDDEN" time="0.002">
    </testcase>
    <testcase classname="GradeSubmissionUseCase zümre başkanı kendi zümresini puanlayabilir" name="GradeSubmissionUseCase zümre başkanı kendi zümresini puanlayabilir" time="0.001">
    </testcase>
    <testcase classname="GradeSubmissionUseCase teslim edilmemiş (IN_PROGRESS) → NOT_SUBMITTED" name="GradeSubmissionUseCase teslim edilmemiş (IN_PROGRESS) → NOT_SUBMITTED" time="0.001">
    </testcase>
    <testcase classname="GradeSubmissionUseCase TEST (yazılı değil) → NOT_WRITTEN" name="GradeSubmissionUseCase TEST (yazılı değil) → NOT_WRITTEN" time="0.001">
    </testcase>
  </testsuite>
</testsuites>